<?xml version="1.0" encoding="UTF-8"?>
<!-- Generated by org.testng.reporters.JUnitReportReporter -->
<testsuite skipped="0" hostname="kartikey" name="grid.Node2" tests="1" failures="0" timestamp="31 Aug 2019 16:51:27 GMT" time="22.782" errors="0">
  <testcase name="f" time="22.782" classname="grid.Node2"/>
</testsuite> <!-- grid.Node2 -->
