<?xml version="1.0" encoding="UTF-8"?>
<!-- Generated by org.testng.reporters.JUnitReportReporter -->
<testsuite skipped="0" hostname="kartikey" name="keywordTestCase.application" tests="1" failures="0" timestamp="08 Sep 2019 17:47:15 GMT" time="88.259" errors="0">
  <testcase name="applicationTest" time="88.259" classname="keywordTestCase.application"/>
</testsuite> <!-- keywordTestCase.application -->
