<?xml version="1.0" encoding="UTF-8"?>
<!-- Generated by org.testng.reporters.JUnitReportReporter -->
<testsuite skipped="0" hostname="kartikey" name="TestNG.GroupingDemo1" tests="3" failures="0" timestamp="25 Aug 2019 16:57:44 GMT" time="0.023" errors="0">
  <testcase name="f4" time="0.002" classname="TestNG.GroupingDemo1"/>
  <testcase name="f1" time="0.018" classname="TestNG.GroupingDemo1"/>
  <testcase name="f2" time="0.003" classname="TestNG.GroupingDemo1"/>
</testsuite> <!-- TestNG.GroupingDemo1 -->
