<?xml version="1.0" encoding="UTF-8"?>
<!-- Generated by org.testng.reporters.JUnitReportReporter -->
<testsuite skipped="0" hostname="kartikey" name="TestNG.Prioritization" tests="4" failures="0" timestamp="16 Jun 2019 16:53:36 GMT" time="0.024" errors="0">
  <testcase name="f2" time="0.012" classname="TestNG.Prioritization"/>
  <testcase name="f3" time="0.003" classname="TestNG.Prioritization"/>
  <testcase name="f1" time="0.002" classname="TestNG.Prioritization"/>
  <testcase name="f4" time="0.007" classname="TestNG.Prioritization"/>
</testsuite> <!-- TestNG.Prioritization -->
