<?xml version="1.0" encoding="UTF-8"?>
<!-- Generated by org.testng.reporters.JUnitReportReporter -->
<testsuite skipped="0" hostname="kartikey" name="TestNG.GroupingDemo2" tests="4" failures="0" timestamp="25 Aug 2019 16:57:44 GMT" time="0.014" errors="0">
  <testcase name="g5" time="0.002" classname="TestNG.GroupingDemo2"/>
  <testcase name="g3" time="0.003" classname="TestNG.GroupingDemo2"/>
  <testcase name="g4" time="0.004" classname="TestNG.GroupingDemo2"/>
  <testcase name="g2" time="0.005" classname="TestNG.GroupingDemo2"/>
</testsuite> <!-- TestNG.GroupingDemo2 -->
