<?xml version="1.0" encoding="UTF-8"?>
<!-- Generated by org.testng.reporters.JUnitReportReporter -->
<testsuite skipped="0" hostname="kartikey" name="testcases.VerifyLogin" tests="1" failures="0" timestamp="01 Sep 2019 16:13:24 GMT" time="43.329" errors="0">
  <testcase name="f" time="43.329" classname="testcases.VerifyLogin"/>
</testsuite> <!-- testcases.VerifyLogin -->
