<?xml version="1.0" encoding="UTF-8"?>
<!-- Generated by org.testng.reporters.JUnitReportReporter -->
<testsuite skipped="0" hostname="kartikey" name="testcases.verifyValidUserLogin" tests="1" failures="0" timestamp="01 Sep 2019 17:41:21 GMT" time="16.931" errors="0">
  <testcase name="f" time="16.931" classname="testcases.verifyValidUserLogin"/>
</testsuite> <!-- testcases.verifyValidUserLogin -->
