<?xml version="1.0" encoding="UTF-8"?>
<!-- Generated by org.testng.reporters.JUnitReportReporter -->
<testsuite skipped="0" hostname="kartikey" name="edurekatest.NewTest" tests="1" failures="0" timestamp="14 Sep 2019 08:43:49 GMT" time="5.689" errors="0">
  <testcase name="testEasy" time="5.689" classname="edurekatest.NewTest"/>
</testsuite> <!-- edurekatest.NewTest -->
