<?xml version="1.0" encoding="UTF-8"?>
<!-- Generated by org.testng.reporters.JUnitReportReporter -->
<testsuite skipped="0" hostname="kartikey" name="edurekatest.Log4j_Sample" tests="1" failures="0" timestamp="14 Sep 2019 11:55:56 GMT" time="10.366" errors="0">
  <testcase name="testLogs" time="10.366" classname="edurekatest.Log4j_Sample"/>
</testsuite> <!-- edurekatest.Log4j_Sample -->
