<?xml version="1.0" encoding="UTF-8"?>
<!-- Generated by org.testng.reporters.JUnitReportReporter -->
<testsuite skipped="0" hostname="kartikey" name="DataDrivenTest.DemoTours_UsingExcel" tests="4" failures="0" timestamp="07 Sep 2019 16:36:46 GMT" time="66.915" errors="0">
  <testcase name="loginDemoTours" time="15.304" classname="DataDrivenTest.DemoTours_UsingExcel"/>
  <testcase name="loginDemoTours" time="15.299" classname="DataDrivenTest.DemoTours_UsingExcel"/>
  <testcase name="loginDemoTours" time="15.462" classname="DataDrivenTest.DemoTours_UsingExcel"/>
  <testcase name="loginDemoTours" time="20.850" classname="DataDrivenTest.DemoTours_UsingExcel"/>
</testsuite> <!-- DataDrivenTest.DemoTours_UsingExcel -->
